<?xml version="1.0" encoding="UTF-8"?>
<testsuite xmlns:xsi="http://www.w3.org/2001/XMLSchema-instance" xsi:noNamespaceSchemaLocation="https://maven.apache.org/surefire/maven-surefire-plugin/xsd/surefire-test-report.xsd" name="com.modis.acciaback.AcciaBackApplicationTests" time="6.779" tests="18" errors="14" skipped="0" failures="0">
  <properties>
    <property name="sun.desktop" value="windows"/>
    <property name="awt.toolkit" value="sun.awt.windows.WToolkit"/>
    <property name="java.specification.version" value="11"/>
    <property name="sun.cpu.isalist" value="amd64"/>
    <property name="sun.jnu.encoding" value="Cp1252"/>
    <property name="java.class.path" value="c:\Users\fabien.detrez\Accia\XAI\ACCIA_back 1\ACCIA_back\target\test-classes;c:\Users\fabien.detrez\Accia\XAI\ACCIA_back 1\ACCIA_back\target\classes;C:\Users\fabien.detrez\.m2\repository\org\springframework\boot\spring-boot-starter-mail\2.7.0\spring-boot-starter-mail-2.7.0.jar;C:\Users\fabien.detrez\.m2\repository\org\springframework\boot\spring-boot-starter\2.7.0\spring-boot-starter-2.7.0.jar;C:\Users\fabien.detrez\.m2\repository\org\springframework\boot\spring-boot-starter-logging\2.7.0\spring-boot-starter-logging-2.7.0.jar;C:\Users\fabien.detrez\.m2\repository\ch\qos\logback\logback-classic\1.2.11\logback-classic-1.2.11.jar;C:\Users\fabien.detrez\.m2\repository\ch\qos\logback\logback-core\1.2.11\logback-core-1.2.11.jar;C:\Users\fabien.detrez\.m2\repository\org\apache\logging\log4j\log4j-to-slf4j\2.17.2\log4j-to-slf4j-2.17.2.jar;C:\Users\fabien.detrez\.m2\repository\jakarta\annotation\jakarta.annotation-api\1.3.5\jakarta.annotation-api-1.3.5.jar;C:\Users\fabien.detrez\.m2\repository\org\yaml\snakeyaml\1.30\snakeyaml-1.30.jar;C:\Users\fabien.detrez\.m2\repository\org\springframework\spring-context-support\5.3.20\spring-context-support-5.3.20.jar;C:\Users\fabien.detrez\.m2\repository\org\springframework\spring-context\5.3.20\spring-context-5.3.20.jar;C:\Users\fabien.detrez\.m2\repository\com\sun\mail\jakarta.mail\1.6.7\jakarta.mail-1.6.7.jar;C:\Users\fabien.detrez\.m2\repository\com\sun\activation\jakarta.activation\1.2.2\jakarta.activation-1.2.2.jar;C:\Users\fabien.detrez\.m2\repository\org\springframework\boot\spring-boot-starter-data-jpa\2.7.0\spring-boot-starter-data-jpa-2.7.0.jar;C:\Users\fabien.detrez\.m2\repository\org\springframework\boot\spring-boot-starter-aop\2.7.0\spring-boot-starter-aop-2.7.0.jar;C:\Users\fabien.detrez\.m2\repository\org\aspectj\aspectjweaver\1.9.7\aspectjweaver-1.9.7.jar;C:\Users\fabien.detrez\.m2\repository\jakarta\transaction\jakarta.transaction-api\1.3.3\jakarta.transaction-api-1.3.3.jar;C:\Users\fabien.detrez\.m2\repository\jakarta\persistence\jakarta.persistence-api\2.2.3\jakarta.persistence-api-2.2.3.jar;C:\Users\fabien.detrez\.m2\repository\org\hibernate\hibernate-core\5.6.9.Final\hibernate-core-5.6.9.Final.jar;C:\Users\fabien.detrez\.m2\repository\org\jboss\logging\jboss-logging\3.4.3.Final\jboss-logging-3.4.3.Final.jar;C:\Users\fabien.detrez\.m2\repository\net\bytebuddy\byte-buddy\1.12.10\byte-buddy-1.12.10.jar;C:\Users\fabien.detrez\.m2\repository\antlr\antlr\2.7.7\antlr-2.7.7.jar;C:\Users\fabien.detrez\.m2\repository\org\jboss\jandex\2.4.2.Final\jandex-2.4.2.Final.jar;C:\Users\fabien.detrez\.m2\repository\com\fasterxml\classmate\1.5.1\classmate-1.5.1.jar;C:\Users\fabien.detrez\.m2\repository\org\hibernate\common\hibernate-commons-annotations\5.1.2.Final\hibernate-commons-annotations-5.1.2.Final.jar;C:\Users\fabien.detrez\.m2\repository\org\glassfish\jaxb\jaxb-runtime\2.3.6\jaxb-runtime-2.3.6.jar;C:\Users\fabien.detrez\.m2\repository\org\glassfish\jaxb\txw2\2.3.6\txw2-2.3.6.jar;C:\Users\fabien.detrez\.m2\repository\com\sun\istack\istack-commons-runtime\3.0.12\istack-commons-runtime-3.0.12.jar;C:\Users\fabien.detrez\.m2\repository\org\springframework\data\spring-data-jpa\2.7.0\spring-data-jpa-2.7.0.jar;C:\Users\fabien.detrez\.m2\repository\org\springframework\data\spring-data-commons\2.7.0\spring-data-commons-2.7.0.jar;C:\Users\fabien.detrez\.m2\repository\org\springframework\spring-tx\5.3.20\spring-tx-5.3.20.jar;C:\Users\fabien.detrez\.m2\repository\org\slf4j\slf4j-api\1.7.36\slf4j-api-1.7.36.jar;C:\Users\fabien.detrez\.m2\repository\org\springframework\spring-aspects\5.3.20\spring-aspects-5.3.20.jar;C:\Users\fabien.detrez\.m2\repository\org\springframework\boot\spring-boot-starter-jdbc\2.7.0\spring-boot-starter-jdbc-2.7.0.jar;C:\Users\fabien.detrez\.m2\repository\com\zaxxer\HikariCP\4.0.3\HikariCP-4.0.3.jar;C:\Users\fabien.detrez\.m2\repository\org\springframework\spring-jdbc\5.3.20\spring-jdbc-5.3.20.jar;C:\Users\fabien.detrez\.m2\repository\org\springframework\boot\spring-boot-starter-web\2.7.0\spring-boot-starter-web-2.7.0.jar;C:\Users\fabien.detrez\.m2\repository\org\springframework\boot\spring-boot-starter-json\2.7.0\spring-boot-starter-json-2.7.0.jar;C:\Users\fabien.detrez\.m2\repository\com\fasterxml\jackson\datatype\jackson-datatype-jdk8\2.13.3\jackson-datatype-jdk8-2.13.3.jar;C:\Users\fabien.detrez\.m2\repository\com\fasterxml\jackson\datatype\jackson-datatype-jsr310\2.13.3\jackson-datatype-jsr310-2.13.3.jar;C:\Users\fabien.detrez\.m2\repository\com\fasterxml\jackson\module\jackson-module-parameter-names\2.13.3\jackson-module-parameter-names-2.13.3.jar;C:\Users\fabien.detrez\.m2\repository\org\springframework\boot\spring-boot-starter-tomcat\2.7.0\spring-boot-starter-tomcat-2.7.0.jar;C:\Users\fabien.detrez\.m2\repository\org\apache\tomcat\embed\tomcat-embed-core\9.0.63\tomcat-embed-core-9.0.63.jar;C:\Users\fabien.detrez\.m2\repository\org\apache\tomcat\embed\tomcat-embed-el\9.0.63\tomcat-embed-el-9.0.63.jar;C:\Users\fabien.detrez\.m2\repository\org\apache\tomcat\embed\tomcat-embed-websocket\9.0.63\tomcat-embed-websocket-9.0.63.jar;C:\Users\fabien.detrez\.m2\repository\org\springframework\spring-web\5.3.20\spring-web-5.3.20.jar;C:\Users\fabien.detrez\.m2\repository\org\springframework\spring-webmvc\5.3.20\spring-webmvc-5.3.20.jar;C:\Users\fabien.detrez\.m2\repository\org\springframework\spring-expression\5.3.20\spring-expression-5.3.20.jar;C:\Users\fabien.detrez\.m2\repository\org\springframework\boot\spring-boot-starter-log4j2\2.7.0\spring-boot-starter-log4j2-2.7.0.jar;C:\Users\fabien.detrez\.m2\repository\org\apache\logging\log4j\log4j-slf4j-impl\2.17.2\log4j-slf4j-impl-2.17.2.jar;C:\Users\fabien.detrez\.m2\repository\org\apache\logging\log4j\log4j-api\2.17.2\log4j-api-2.17.2.jar;C:\Users\fabien.detrez\.m2\repository\org\apache\logging\log4j\log4j-core\2.17.2\log4j-core-2.17.2.jar;C:\Users\fabien.detrez\.m2\repository\org\apache\logging\log4j\log4j-jul\2.17.2\log4j-jul-2.17.2.jar;C:\Users\fabien.detrez\.m2\repository\org\slf4j\jul-to-slf4j\1.7.36\jul-to-slf4j-1.7.36.jar;C:\Users\fabien.detrez\.m2\repository\org\springframework\boot\spring-boot-starter-security\2.7.0\spring-boot-starter-security-2.7.0.jar;C:\Users\fabien.detrez\.m2\repository\org\springframework\spring-aop\5.3.20\spring-aop-5.3.20.jar;C:\Users\fabien.detrez\.m2\repository\org\springframework\security\spring-security-config\5.7.1\spring-security-config-5.7.1.jar;C:\Users\fabien.detrez\.m2\repository\org\springframework\security\spring-security-web\5.7.1\spring-security-web-5.7.1.jar;C:\Users\fabien.detrez\.m2\repository\org\mariadb\jdbc\mariadb-java-client\3.0.4\mariadb-java-client-3.0.4.jar;C:\Users\fabien.detrez\.m2\repository\org\springframework\boot\spring-boot-starter-test\2.7.0\spring-boot-starter-test-2.7.0.jar;C:\Users\fabien.detrez\.m2\repository\org\springframework\boot\spring-boot-test\2.7.0\spring-boot-test-2.7.0.jar;C:\Users\fabien.detrez\.m2\repository\org\springframework\boot\spring-boot-test-autoconfigure\2.7.0\spring-boot-test-autoconfigure-2.7.0.jar;C:\Users\fabien.detrez\.m2\repository\com\jayway\jsonpath\json-path\2.7.0\json-path-2.7.0.jar;C:\Users\fabien.detrez\.m2\repository\net\minidev\json-smart\2.4.8\json-smart-2.4.8.jar;C:\Users\fabien.detrez\.m2\repository\net\minidev\accessors-smart\2.4.8\accessors-smart-2.4.8.jar;C:\Users\fabien.detrez\.m2\repository\org\ow2\asm\asm\9.1\asm-9.1.jar;C:\Users\fabien.detrez\.m2\repository\jakarta\xml\bind\jakarta.xml.bind-api\2.3.3\jakarta.xml.bind-api-2.3.3.jar;C:\Users\fabien.detrez\.m2\repository\jakarta\activation\jakarta.activation-api\1.2.2\jakarta.activation-api-1.2.2.jar;C:\Users\fabien.detrez\.m2\repository\org\assertj\assertj-core\3.22.0\assertj-core-3.22.0.jar;C:\Users\fabien.detrez\.m2\repository\org\hamcrest\hamcrest\2.2\hamcrest-2.2.jar;C:\Users\fabien.detrez\.m2\repository\org\junit\jupiter\junit-jupiter\5.8.2\junit-jupiter-5.8.2.jar;C:\Users\fabien.detrez\.m2\repository\org\junit\jupiter\junit-jupiter-api\5.8.2\junit-jupiter-api-5.8.2.jar;C:\Users\fabien.detrez\.m2\repository\org\opentest4j\opentest4j\1.2.0\opentest4j-1.2.0.jar;C:\Users\fabien.detrez\.m2\repository\org\junit\platform\junit-platform-commons\1.8.2\junit-platform-commons-1.8.2.jar;C:\Users\fabien.detrez\.m2\repository\org\apiguardian\apiguardian-api\1.1.2\apiguardian-api-1.1.2.jar;C:\Users\fabien.detrez\.m2\repository\org\junit\jupiter\junit-jupiter-params\5.8.2\junit-jupiter-params-5.8.2.jar;C:\Users\fabien.detrez\.m2\repository\org\junit\jupiter\junit-jupiter-engine\5.8.2\junit-jupiter-engine-5.8.2.jar;C:\Users\fabien.detrez\.m2\repository\org\junit\platform\junit-platform-engine\1.8.2\junit-platform-engine-1.8.2.jar;C:\Users\fabien.detrez\.m2\repository\org\mockito\mockito-core\4.5.1\mockito-core-4.5.1.jar;C:\Users\fabien.detrez\.m2\repository\net\bytebuddy\byte-buddy-agent\1.12.10\byte-buddy-agent-1.12.10.jar;C:\Users\fabien.detrez\.m2\repository\org\objenesis\objenesis\3.2\objenesis-3.2.jar;C:\Users\fabien.detrez\.m2\repository\org\mockito\mockito-junit-jupiter\4.5.1\mockito-junit-jupiter-4.5.1.jar;C:\Users\fabien.detrez\.m2\repository\org\skyscreamer\jsonassert\1.5.0\jsonassert-1.5.0.jar;C:\Users\fabien.detrez\.m2\repository\org\springframework\spring-core\5.3.20\spring-core-5.3.20.jar;C:\Users\fabien.detrez\.m2\repository\org\springframework\spring-jcl\5.3.20\spring-jcl-5.3.20.jar;C:\Users\fabien.detrez\.m2\repository\org\springframework\spring-test\5.3.20\spring-test-5.3.20.jar;C:\Users\fabien.detrez\.m2\repository\org\xmlunit\xmlunit-core\2.9.0\xmlunit-core-2.9.0.jar;C:\Users\fabien.detrez\.m2\repository\org\springframework\security\spring-security-test\5.7.1\spring-security-test-5.7.1.jar;C:\Users\fabien.detrez\.m2\repository\org\springframework\security\spring-security-core\5.7.1\spring-security-core-5.7.1.jar;C:\Users\fabien.detrez\.m2\repository\org\springframework\security\spring-security-crypto\5.7.1\spring-security-crypto-5.7.1.jar;C:\Users\fabien.detrez\.m2\repository\io\jsonwebtoken\jjwt-api\0.11.5\jjwt-api-0.11.5.jar;C:\Users\fabien.detrez\.m2\repository\io\jsonwebtoken\jjwt-impl\0.11.5\jjwt-impl-0.11.5.jar;C:\Users\fabien.detrez\.m2\repository\io\jsonwebtoken\jjwt-jackson\0.11.5\jjwt-jackson-0.11.5.jar;C:\Users\fabien.detrez\.m2\repository\org\springframework\spring-hibernate\1.2.9\spring-hibernate-1.2.9.jar;C:\Users\fabien.detrez\.m2\repository\commons-logging\commons-logging\1.0.4\commons-logging-1.0.4.jar;C:\Users\fabien.detrez\.m2\repository\org\springframework\spring-beans\5.3.20\spring-beans-5.3.20.jar;C:\Users\fabien.detrez\.m2\repository\org\springframework\spring-dao\1.2.9\spring-dao-1.2.9.jar;C:\Users\fabien.detrez\.m2\repository\org\springframework\spring-orm\5.3.20\spring-orm-5.3.20.jar;C:\Users\fabien.detrez\.m2\repository\mysql\mysql-connector-java\8.0.29\mysql-connector-java-8.0.29.jar;C:\Users\fabien.detrez\.m2\repository\com\fasterxml\jackson\core\jackson-databind\2.13.3\jackson-databind-2.13.3.jar;C:\Users\fabien.detrez\.m2\repository\com\fasterxml\jackson\core\jackson-annotations\2.13.3\jackson-annotations-2.13.3.jar;C:\Users\fabien.detrez\.m2\repository\com\fasterxml\jackson\core\jackson-core\2.13.3\jackson-core-2.13.3.jar;C:\Users\fabien.detrez\.m2\repository\com\google\code\gson\gson\2.9.1\gson-2.9.1.jar;C:\Users\fabien.detrez\.m2\repository\org\projectlombok\lombok-maven-plugin\1.18.20.0\lombok-maven-plugin-1.18.20.0.jar;C:\Users\fabien.detrez\.m2\repository\org\apache\commons\commons-lang3\3.12.0\commons-lang3-3.12.0.jar;C:\Users\fabien.detrez\.m2\repository\org\projectlombok\lombok\1.18.24\lombok-1.18.24.jar;C:\Users\fabien.detrez\.m2\repository\org\sonatype\plexus\plexus-build-api\0.0.7\plexus-build-api-0.0.7.jar;C:\Users\fabien.detrez\.m2\repository\org\codehaus\plexus\plexus-utils\1.5.8\plexus-utils-1.5.8.jar;C:\Users\fabien.detrez\.m2\repository\org\springframework\boot\spring-boot-starter-data-rest\2.7.2\spring-boot-starter-data-rest-2.7.2.jar;C:\Users\fabien.detrez\.m2\repository\org\springframework\data\spring-data-rest-webmvc\3.7.0\spring-data-rest-webmvc-3.7.0.jar;C:\Users\fabien.detrez\.m2\repository\org\springframework\data\spring-data-rest-core\3.7.0\spring-data-rest-core-3.7.0.jar;C:\Users\fabien.detrez\.m2\repository\org\springframework\hateoas\spring-hateoas\1.5.0\spring-hateoas-1.5.0.jar;C:\Users\fabien.detrez\.m2\repository\org\springframework\plugin\spring-plugin-core\2.0.0.RELEASE\spring-plugin-core-2.0.0.RELEASE.jar;C:\Users\fabien.detrez\.m2\repository\org\atteo\evo-inflector\1.3\evo-inflector-1.3.jar;C:\Users\fabien.detrez\.m2\repository\org\springframework\boot\spring-boot-devtools\2.7.2\spring-boot-devtools-2.7.2.jar;C:\Users\fabien.detrez\.m2\repository\org\springframework\boot\spring-boot\2.7.0\spring-boot-2.7.0.jar;C:\Users\fabien.detrez\.m2\repository\org\springframework\boot\spring-boot-autoconfigure\2.7.0\spring-boot-autoconfigure-2.7.0.jar;C:\Users\fabien.detrez\.m2\repository\org\apache\httpcomponents\httpclient\4.3.1\httpclient-4.3.1.jar;C:\Users\fabien.detrez\.m2\repository\org\apache\httpcomponents\httpcore\4.4.15\httpcore-4.4.15.jar;C:\Users\fabien.detrez\.m2\repository\commons-codec\commons-codec\1.15\commons-codec-1.15.jar;C:\Users\fabien.detrez\.m2\repository\org\json\json\20230618\json-20230618.jar;"/>
    <property name="java.vm.vendor" value="Eclipse Adoptium"/>
    <property name="sun.arch.data.model" value="64"/>
    <property name="user.variant" value=""/>
    <property name="java.vendor.url" value="https://adoptium.net/"/>
    <property name="user.timezone" value="Europe/Paris"/>
    <property name="java.vm.specification.version" value="11"/>
    <property name="os.name" value="Windows 10"/>
    <property name="sun.java.launcher" value="SUN_STANDARD"/>
    <property name="user.country" value="FR"/>
    <property name="sun.boot.library.path" value="C:\Program Files\Eclipse Adoptium\jdk-11.0.18.10-hotspot\bin"/>
    <property name="sun.java.command" value="C:\Users\FABIEN~1.DET\AppData\Local\Temp\surefire3320743425944508089\surefirebooter5512172276189619409.jar C:\Users\fabien.detrez\AppData\Local\Temp\surefire3320743425944508089 2023-09-22T16-33-49_040-jvmRun1 surefire2173087290455055518tmp surefire_05420732566022410794tmp"/>
    <property name="jdk.debug" value="release"/>
    <property name="surefire.test.class.path" value="c:\Users\fabien.detrez\Accia\XAI\ACCIA_back 1\ACCIA_back\target\test-classes;c:\Users\fabien.detrez\Accia\XAI\ACCIA_back 1\ACCIA_back\target\classes;C:\Users\fabien.detrez\.m2\repository\org\springframework\boot\spring-boot-starter-mail\2.7.0\spring-boot-starter-mail-2.7.0.jar;C:\Users\fabien.detrez\.m2\repository\org\springframework\boot\spring-boot-starter\2.7.0\spring-boot-starter-2.7.0.jar;C:\Users\fabien.detrez\.m2\repository\org\springframework\boot\spring-boot-starter-logging\2.7.0\spring-boot-starter-logging-2.7.0.jar;C:\Users\fabien.detrez\.m2\repository\ch\qos\logback\logback-classic\1.2.11\logback-classic-1.2.11.jar;C:\Users\fabien.detrez\.m2\repository\ch\qos\logback\logback-core\1.2.11\logback-core-1.2.11.jar;C:\Users\fabien.detrez\.m2\repository\org\apache\logging\log4j\log4j-to-slf4j\2.17.2\log4j-to-slf4j-2.17.2.jar;C:\Users\fabien.detrez\.m2\repository\jakarta\annotation\jakarta.annotation-api\1.3.5\jakarta.annotation-api-1.3.5.jar;C:\Users\fabien.detrez\.m2\repository\org\yaml\snakeyaml\1.30\snakeyaml-1.30.jar;C:\Users\fabien.detrez\.m2\repository\org\springframework\spring-context-support\5.3.20\spring-context-support-5.3.20.jar;C:\Users\fabien.detrez\.m2\repository\org\springframework\spring-context\5.3.20\spring-context-5.3.20.jar;C:\Users\fabien.detrez\.m2\repository\com\sun\mail\jakarta.mail\1.6.7\jakarta.mail-1.6.7.jar;C:\Users\fabien.detrez\.m2\repository\com\sun\activation\jakarta.activation\1.2.2\jakarta.activation-1.2.2.jar;C:\Users\fabien.detrez\.m2\repository\org\springframework\boot\spring-boot-starter-data-jpa\2.7.0\spring-boot-starter-data-jpa-2.7.0.jar;C:\Users\fabien.detrez\.m2\repository\org\springframework\boot\spring-boot-starter-aop\2.7.0\spring-boot-starter-aop-2.7.0.jar;C:\Users\fabien.detrez\.m2\repository\org\aspectj\aspectjweaver\1.9.7\aspectjweaver-1.9.7.jar;C:\Users\fabien.detrez\.m2\repository\jakarta\transaction\jakarta.transaction-api\1.3.3\jakarta.transaction-api-1.3.3.jar;C:\Users\fabien.detrez\.m2\repository\jakarta\persistence\jakarta.persistence-api\2.2.3\jakarta.persistence-api-2.2.3.jar;C:\Users\fabien.detrez\.m2\repository\org\hibernate\hibernate-core\5.6.9.Final\hibernate-core-5.6.9.Final.jar;C:\Users\fabien.detrez\.m2\repository\org\jboss\logging\jboss-logging\3.4.3.Final\jboss-logging-3.4.3.Final.jar;C:\Users\fabien.detrez\.m2\repository\net\bytebuddy\byte-buddy\1.12.10\byte-buddy-1.12.10.jar;C:\Users\fabien.detrez\.m2\repository\antlr\antlr\2.7.7\antlr-2.7.7.jar;C:\Users\fabien.detrez\.m2\repository\org\jboss\jandex\2.4.2.Final\jandex-2.4.2.Final.jar;C:\Users\fabien.detrez\.m2\repository\com\fasterxml\classmate\1.5.1\classmate-1.5.1.jar;C:\Users\fabien.detrez\.m2\repository\org\hibernate\common\hibernate-commons-annotations\5.1.2.Final\hibernate-commons-annotations-5.1.2.Final.jar;C:\Users\fabien.detrez\.m2\repository\org\glassfish\jaxb\jaxb-runtime\2.3.6\jaxb-runtime-2.3.6.jar;C:\Users\fabien.detrez\.m2\repository\org\glassfish\jaxb\txw2\2.3.6\txw2-2.3.6.jar;C:\Users\fabien.detrez\.m2\repository\com\sun\istack\istack-commons-runtime\3.0.12\istack-commons-runtime-3.0.12.jar;C:\Users\fabien.detrez\.m2\repository\org\springframework\data\spring-data-jpa\2.7.0\spring-data-jpa-2.7.0.jar;C:\Users\fabien.detrez\.m2\repository\org\springframework\data\spring-data-commons\2.7.0\spring-data-commons-2.7.0.jar;C:\Users\fabien.detrez\.m2\repository\org\springframework\spring-tx\5.3.20\spring-tx-5.3.20.jar;C:\Users\fabien.detrez\.m2\repository\org\slf4j\slf4j-api\1.7.36\slf4j-api-1.7.36.jar;C:\Users\fabien.detrez\.m2\repository\org\springframework\spring-aspects\5.3.20\spring-aspects-5.3.20.jar;C:\Users\fabien.detrez\.m2\repository\org\springframework\boot\spring-boot-starter-jdbc\2.7.0\spring-boot-starter-jdbc-2.7.0.jar;C:\Users\fabien.detrez\.m2\repository\com\zaxxer\HikariCP\4.0.3\HikariCP-4.0.3.jar;C:\Users\fabien.detrez\.m2\repository\org\springframework\spring-jdbc\5.3.20\spring-jdbc-5.3.20.jar;C:\Users\fabien.detrez\.m2\repository\org\springframework\boot\spring-boot-starter-web\2.7.0\spring-boot-starter-web-2.7.0.jar;C:\Users\fabien.detrez\.m2\repository\org\springframework\boot\spring-boot-starter-json\2.7.0\spring-boot-starter-json-2.7.0.jar;C:\Users\fabien.detrez\.m2\repository\com\fasterxml\jackson\datatype\jackson-datatype-jdk8\2.13.3\jackson-datatype-jdk8-2.13.3.jar;C:\Users\fabien.detrez\.m2\repository\com\fasterxml\jackson\datatype\jackson-datatype-jsr310\2.13.3\jackson-datatype-jsr310-2.13.3.jar;C:\Users\fabien.detrez\.m2\repository\com\fasterxml\jackson\module\jackson-module-parameter-names\2.13.3\jackson-module-parameter-names-2.13.3.jar;C:\Users\fabien.detrez\.m2\repository\org\springframework\boot\spring-boot-starter-tomcat\2.7.0\spring-boot-starter-tomcat-2.7.0.jar;C:\Users\fabien.detrez\.m2\repository\org\apache\tomcat\embed\tomcat-embed-core\9.0.63\tomcat-embed-core-9.0.63.jar;C:\Users\fabien.detrez\.m2\repository\org\apache\tomcat\embed\tomcat-embed-el\9.0.63\tomcat-embed-el-9.0.63.jar;C:\Users\fabien.detrez\.m2\repository\org\apache\tomcat\embed\tomcat-embed-websocket\9.0.63\tomcat-embed-websocket-9.0.63.jar;C:\Users\fabien.detrez\.m2\repository\org\springframework\spring-web\5.3.20\spring-web-5.3.20.jar;C:\Users\fabien.detrez\.m2\repository\org\springframework\spring-webmvc\5.3.20\spring-webmvc-5.3.20.jar;C:\Users\fabien.detrez\.m2\repository\org\springframework\spring-expression\5.3.20\spring-expression-5.3.20.jar;C:\Users\fabien.detrez\.m2\repository\org\springframework\boot\spring-boot-starter-log4j2\2.7.0\spring-boot-starter-log4j2-2.7.0.jar;C:\Users\fabien.detrez\.m2\repository\org\apache\logging\log4j\log4j-slf4j-impl\2.17.2\log4j-slf4j-impl-2.17.2.jar;C:\Users\fabien.detrez\.m2\repository\org\apache\logging\log4j\log4j-api\2.17.2\log4j-api-2.17.2.jar;C:\Users\fabien.detrez\.m2\repository\org\apache\logging\log4j\log4j-core\2.17.2\log4j-core-2.17.2.jar;C:\Users\fabien.detrez\.m2\repository\org\apache\logging\log4j\log4j-jul\2.17.2\log4j-jul-2.17.2.jar;C:\Users\fabien.detrez\.m2\repository\org\slf4j\jul-to-slf4j\1.7.36\jul-to-slf4j-1.7.36.jar;C:\Users\fabien.detrez\.m2\repository\org\springframework\boot\spring-boot-starter-security\2.7.0\spring-boot-starter-security-2.7.0.jar;C:\Users\fabien.detrez\.m2\repository\org\springframework\spring-aop\5.3.20\spring-aop-5.3.20.jar;C:\Users\fabien.detrez\.m2\repository\org\springframework\security\spring-security-config\5.7.1\spring-security-config-5.7.1.jar;C:\Users\fabien.detrez\.m2\repository\org\springframework\security\spring-security-web\5.7.1\spring-security-web-5.7.1.jar;C:\Users\fabien.detrez\.m2\repository\org\mariadb\jdbc\mariadb-java-client\3.0.4\mariadb-java-client-3.0.4.jar;C:\Users\fabien.detrez\.m2\repository\org\springframework\boot\spring-boot-starter-test\2.7.0\spring-boot-starter-test-2.7.0.jar;C:\Users\fabien.detrez\.m2\repository\org\springframework\boot\spring-boot-test\2.7.0\spring-boot-test-2.7.0.jar;C:\Users\fabien.detrez\.m2\repository\org\springframework\boot\spring-boot-test-autoconfigure\2.7.0\spring-boot-test-autoconfigure-2.7.0.jar;C:\Users\fabien.detrez\.m2\repository\com\jayway\jsonpath\json-path\2.7.0\json-path-2.7.0.jar;C:\Users\fabien.detrez\.m2\repository\net\minidev\json-smart\2.4.8\json-smart-2.4.8.jar;C:\Users\fabien.detrez\.m2\repository\net\minidev\accessors-smart\2.4.8\accessors-smart-2.4.8.jar;C:\Users\fabien.detrez\.m2\repository\org\ow2\asm\asm\9.1\asm-9.1.jar;C:\Users\fabien.detrez\.m2\repository\jakarta\xml\bind\jakarta.xml.bind-api\2.3.3\jakarta.xml.bind-api-2.3.3.jar;C:\Users\fabien.detrez\.m2\repository\jakarta\activation\jakarta.activation-api\1.2.2\jakarta.activation-api-1.2.2.jar;C:\Users\fabien.detrez\.m2\repository\org\assertj\assertj-core\3.22.0\assertj-core-3.22.0.jar;C:\Users\fabien.detrez\.m2\repository\org\hamcrest\hamcrest\2.2\hamcrest-2.2.jar;C:\Users\fabien.detrez\.m2\repository\org\junit\jupiter\junit-jupiter\5.8.2\junit-jupiter-5.8.2.jar;C:\Users\fabien.detrez\.m2\repository\org\junit\jupiter\junit-jupiter-api\5.8.2\junit-jupiter-api-5.8.2.jar;C:\Users\fabien.detrez\.m2\repository\org\opentest4j\opentest4j\1.2.0\opentest4j-1.2.0.jar;C:\Users\fabien.detrez\.m2\repository\org\junit\platform\junit-platform-commons\1.8.2\junit-platform-commons-1.8.2.jar;C:\Users\fabien.detrez\.m2\repository\org\apiguardian\apiguardian-api\1.1.2\apiguardian-api-1.1.2.jar;C:\Users\fabien.detrez\.m2\repository\org\junit\jupiter\junit-jupiter-params\5.8.2\junit-jupiter-params-5.8.2.jar;C:\Users\fabien.detrez\.m2\repository\org\junit\jupiter\junit-jupiter-engine\5.8.2\junit-jupiter-engine-5.8.2.jar;C:\Users\fabien.detrez\.m2\repository\org\junit\platform\junit-platform-engine\1.8.2\junit-platform-engine-1.8.2.jar;C:\Users\fabien.detrez\.m2\repository\org\mockito\mockito-core\4.5.1\mockito-core-4.5.1.jar;C:\Users\fabien.detrez\.m2\repository\net\bytebuddy\byte-buddy-agent\1.12.10\byte-buddy-agent-1.12.10.jar;C:\Users\fabien.detrez\.m2\repository\org\objenesis\objenesis\3.2\objenesis-3.2.jar;C:\Users\fabien.detrez\.m2\repository\org\mockito\mockito-junit-jupiter\4.5.1\mockito-junit-jupiter-4.5.1.jar;C:\Users\fabien.detrez\.m2\repository\org\skyscreamer\jsonassert\1.5.0\jsonassert-1.5.0.jar;C:\Users\fabien.detrez\.m2\repository\org\springframework\spring-core\5.3.20\spring-core-5.3.20.jar;C:\Users\fabien.detrez\.m2\repository\org\springframework\spring-jcl\5.3.20\spring-jcl-5.3.20.jar;C:\Users\fabien.detrez\.m2\repository\org\springframework\spring-test\5.3.20\spring-test-5.3.20.jar;C:\Users\fabien.detrez\.m2\repository\org\xmlunit\xmlunit-core\2.9.0\xmlunit-core-2.9.0.jar;C:\Users\fabien.detrez\.m2\repository\org\springframework\security\spring-security-test\5.7.1\spring-security-test-5.7.1.jar;C:\Users\fabien.detrez\.m2\repository\org\springframework\security\spring-security-core\5.7.1\spring-security-core-5.7.1.jar;C:\Users\fabien.detrez\.m2\repository\org\springframework\security\spring-security-crypto\5.7.1\spring-security-crypto-5.7.1.jar;C:\Users\fabien.detrez\.m2\repository\io\jsonwebtoken\jjwt-api\0.11.5\jjwt-api-0.11.5.jar;C:\Users\fabien.detrez\.m2\repository\io\jsonwebtoken\jjwt-impl\0.11.5\jjwt-impl-0.11.5.jar;C:\Users\fabien.detrez\.m2\repository\io\jsonwebtoken\jjwt-jackson\0.11.5\jjwt-jackson-0.11.5.jar;C:\Users\fabien.detrez\.m2\repository\org\springframework\spring-hibernate\1.2.9\spring-hibernate-1.2.9.jar;C:\Users\fabien.detrez\.m2\repository\commons-logging\commons-logging\1.0.4\commons-logging-1.0.4.jar;C:\Users\fabien.detrez\.m2\repository\org\springframework\spring-beans\5.3.20\spring-beans-5.3.20.jar;C:\Users\fabien.detrez\.m2\repository\org\springframework\spring-dao\1.2.9\spring-dao-1.2.9.jar;C:\Users\fabien.detrez\.m2\repository\org\springframework\spring-orm\5.3.20\spring-orm-5.3.20.jar;C:\Users\fabien.detrez\.m2\repository\mysql\mysql-connector-java\8.0.29\mysql-connector-java-8.0.29.jar;C:\Users\fabien.detrez\.m2\repository\com\fasterxml\jackson\core\jackson-databind\2.13.3\jackson-databind-2.13.3.jar;C:\Users\fabien.detrez\.m2\repository\com\fasterxml\jackson\core\jackson-annotations\2.13.3\jackson-annotations-2.13.3.jar;C:\Users\fabien.detrez\.m2\repository\com\fasterxml\jackson\core\jackson-core\2.13.3\jackson-core-2.13.3.jar;C:\Users\fabien.detrez\.m2\repository\com\google\code\gson\gson\2.9.1\gson-2.9.1.jar;C:\Users\fabien.detrez\.m2\repository\org\projectlombok\lombok-maven-plugin\1.18.20.0\lombok-maven-plugin-1.18.20.0.jar;C:\Users\fabien.detrez\.m2\repository\org\apache\commons\commons-lang3\3.12.0\commons-lang3-3.12.0.jar;C:\Users\fabien.detrez\.m2\repository\org\projectlombok\lombok\1.18.24\lombok-1.18.24.jar;C:\Users\fabien.detrez\.m2\repository\org\sonatype\plexus\plexus-build-api\0.0.7\plexus-build-api-0.0.7.jar;C:\Users\fabien.detrez\.m2\repository\org\codehaus\plexus\plexus-utils\1.5.8\plexus-utils-1.5.8.jar;C:\Users\fabien.detrez\.m2\repository\org\springframework\boot\spring-boot-starter-data-rest\2.7.2\spring-boot-starter-data-rest-2.7.2.jar;C:\Users\fabien.detrez\.m2\repository\org\springframework\data\spring-data-rest-webmvc\3.7.0\spring-data-rest-webmvc-3.7.0.jar;C:\Users\fabien.detrez\.m2\repository\org\springframework\data\spring-data-rest-core\3.7.0\spring-data-rest-core-3.7.0.jar;C:\Users\fabien.detrez\.m2\repository\org\springframework\hateoas\spring-hateoas\1.5.0\spring-hateoas-1.5.0.jar;C:\Users\fabien.detrez\.m2\repository\org\springframework\plugin\spring-plugin-core\2.0.0.RELEASE\spring-plugin-core-2.0.0.RELEASE.jar;C:\Users\fabien.detrez\.m2\repository\org\atteo\evo-inflector\1.3\evo-inflector-1.3.jar;C:\Users\fabien.detrez\.m2\repository\org\springframework\boot\spring-boot-devtools\2.7.2\spring-boot-devtools-2.7.2.jar;C:\Users\fabien.detrez\.m2\repository\org\springframework\boot\spring-boot\2.7.0\spring-boot-2.7.0.jar;C:\Users\fabien.detrez\.m2\repository\org\springframework\boot\spring-boot-autoconfigure\2.7.0\spring-boot-autoconfigure-2.7.0.jar;C:\Users\fabien.detrez\.m2\repository\org\apache\httpcomponents\httpclient\4.3.1\httpclient-4.3.1.jar;C:\Users\fabien.detrez\.m2\repository\org\apache\httpcomponents\httpcore\4.4.15\httpcore-4.4.15.jar;C:\Users\fabien.detrez\.m2\repository\commons-codec\commons-codec\1.15\commons-codec-1.15.jar;C:\Users\fabien.detrez\.m2\repository\org\json\json\20230618\json-20230618.jar;"/>
    <property name="sun.cpu.endian" value="little"/>
    <property name="user.home" value="C:\Users\fabien.detrez"/>
    <property name="user.language" value="fr"/>
    <property name="java.specification.vendor" value="Oracle Corporation"/>
    <property name="java.version.date" value="2023-01-17"/>
    <property name="java.home" value="C:\Program Files\Eclipse Adoptium\jdk-11.0.18.10-hotspot"/>
    <property name="file.separator" value="\"/>
    <property name="basedir" value="c:\Users\fabien.detrez\Accia\XAI\ACCIA_back 1\ACCIA_back"/>
    <property name="java.vm.compressedOopsMode" value="Zero based"/>
    <property name="line.separator" value="&#10;"/>
    <property name="java.specification.name" value="Java Platform API Specification"/>
    <property name="java.vm.specification.vendor" value="Oracle Corporation"/>
    <property name="java.awt.graphicsenv" value="sun.awt.Win32GraphicsEnvironment"/>
    <property name="surefire.real.class.path" value="C:\Users\FABIEN~1.DET\AppData\Local\Temp\surefire3320743425944508089\surefirebooter5512172276189619409.jar"/>
    <property name="user.script" value=""/>
    <property name="sun.management.compiler" value="HotSpot 64-Bit Tiered Compilers"/>
    <property name="java.runtime.version" value="11.0.18+10"/>
    <property name="user.name" value="fabien.detrez"/>
    <property name="path.separator" value=";"/>
    <property name="os.version" value="10.0"/>
    <property name="java.runtime.name" value="OpenJDK Runtime Environment"/>
    <property name="file.encoding" value="Cp1252"/>
    <property name="java.vm.name" value="OpenJDK 64-Bit Server VM"/>
    <property name="java.vendor.version" value="Temurin-11.0.18+10"/>
    <property name="localRepository" value="C:\Users\fabien.detrez\.m2\repository"/>
    <property name="java.vendor.url.bug" value="https://github.com/adoptium/adoptium-support/issues"/>
    <property name="java.io.tmpdir" value="C:\Users\FABIEN~1.DET\AppData\Local\Temp\"/>
    <property name="java.version" value="11.0.18"/>
    <property name="user.dir" value="c:\Users\fabien.detrez\Accia\XAI\ACCIA_back 1\ACCIA_back"/>
    <property name="os.arch" value="amd64"/>
    <property name="java.vm.specification.name" value="Java Virtual Machine Specification"/>
    <property name="java.awt.printerjob" value="sun.awt.windows.WPrinterJob"/>
    <property name="sun.os.patch.level" value=""/>
    <property name="java.library.path" value="C:\Program Files\Eclipse Adoptium\jdk-11.0.18.10-hotspot\bin;C:\WINDOWS\Sun\Java\bin;C:\WINDOWS\system32;C:\WINDOWS;C:\Program Files (x86)\Common Files\Oracle\Java\javapath;C:\Program Files\Eclipse Adoptium\jdk-11.0.18.10-hotspot\bin;C:\WINDOWS\system32;C:\WINDOWS;C:\WINDOWS\System32\Wbem;C:\WINDOWS\System32\WindowsPowerShell\v1.0\;C:\WINDOWS\System32\OpenSSH\;C:\Program Files (x86)\Pulse Secure\VC142.CRT\X64\;C:\Program Files (x86)\Pulse Secure\VC142.CRT\X86\;C:\Program Files (x86)\Common Files\Pulse Secure\TNC Client Plugin\;C:\Program Files\Eclipse Adoptium\jdk-11.0.18.10-hotspot\bin;C:\Users\f.detrez_pcadm\AppData\Roaming\nvm;C:\Program Files\nodejs;C:\Users\fabien.detrez\scoop\shims;C:\Users\fabien.detrez\AppData\Local\Microsoft\WindowsApps;C:\Users\fabien.detrez\AppData\Local\Programs\Microsoft VS Code\bin;C:\Users\fabien.detrez\AppData\Local\Programs\Git\cmd;C:\Users\fabien.detrez\AppData\Roaming\nvm;C:\Program Files\nodejs;;."/>
    <property name="java.vm.info" value="mixed mode"/>
    <property name="java.vendor" value="Eclipse Adoptium"/>
    <property name="java.vm.version" value="11.0.18+10"/>
    <property name="sun.io.unicode.encoding" value="UnicodeLittle"/>
    <property name="java.class.version" value="55.0"/>
  </properties>
  <testcase name="testIntentionModel" classname="com.modis.acciaback.AcciaBackApplicationTests" time="0.152">
    <error message="I/O error on POST request for &quot;http://127.0.0.1:5000/ModelAnalysis/intention&quot;: Connection refused: connect; nested exception is java.net.ConnectException: Connection refused: connect" type="org.springframework.web.client.ResourceAccessException">org.springframework.web.client.ResourceAccessException: I/O error on POST request for "http://127.0.0.1:5000/ModelAnalysis/intention": Connection refused: connect; nested exception is java.net.ConnectException: Connection refused: connect
	at com.modis.acciaback.AcciaBackApplicationTests.testIntentionModel(AcciaBackApplicationTests.java:111)
Caused by: java.net.ConnectException: Connection refused: connect
	at com.modis.acciaback.AcciaBackApplicationTests.testIntentionModel(AcciaBackApplicationTests.java:111)
</error>
    <system-out><![CDATA[16:33:50.164 [main] DEBUG org.springframework.test.context.BootstrapUtils - Instantiating CacheAwareContextLoaderDelegate from class [org.springframework.test.context.cache.DefaultCacheAwareContextLoaderDelegate]
16:33:50.173 [main] DEBUG org.springframework.test.context.BootstrapUtils - Instantiating BootstrapContext using constructor [public org.springframework.test.context.support.DefaultBootstrapContext(java.lang.Class,org.springframework.test.context.CacheAwareContextLoaderDelegate)]
16:33:50.203 [main] DEBUG org.springframework.test.context.BootstrapUtils - Instantiating TestContextBootstrapper for test class [com.modis.acciaback.AcciaBackApplicationTests] from class [org.springframework.boot.test.context.SpringBootTestContextBootstrapper]
16:33:50.212 [main] INFO org.springframework.boot.test.context.SpringBootTestContextBootstrapper - Neither @ContextConfiguration nor @ContextHierarchy found for test class [com.modis.acciaback.AcciaBackApplicationTests], using SpringBootContextLoader
16:33:50.215 [main] DEBUG org.springframework.test.context.support.AbstractContextLoader - Did not detect default resource location for test class [com.modis.acciaback.AcciaBackApplicationTests]: class path resource [com/modis/acciaback/AcciaBackApplicationTests-context.xml] does not exist
16:33:50.215 [main] DEBUG org.springframework.test.context.support.AbstractContextLoader - Did not detect default resource location for test class [com.modis.acciaback.AcciaBackApplicationTests]: class path resource [com/modis/acciaback/AcciaBackApplicationTestsContext.groovy] does not exist
16:33:50.216 [main] INFO org.springframework.test.context.support.AbstractContextLoader - Could not detect default resource locations for test class [com.modis.acciaback.AcciaBackApplicationTests]: no resource found for suffixes {-context.xml, Context.groovy}.
16:33:50.216 [main] INFO org.springframework.test.context.support.AnnotationConfigContextLoaderUtils - Could not detect default configuration classes for test class [com.modis.acciaback.AcciaBackApplicationTests]: AcciaBackApplicationTests does not declare any static, non-private, non-final, nested classes annotated with @Configuration.
16:33:50.258 [main] DEBUG org.springframework.test.context.support.ActiveProfilesUtils - Could not find an 'annotation declaring class' for annotation type [org.springframework.test.context.ActiveProfiles] and class [com.modis.acciaback.AcciaBackApplicationTests]
16:33:50.317 [main] DEBUG org.springframework.context.annotation.ClassPathScanningCandidateComponentProvider - Identified candidate component class: file [c:\Users\fabien.detrez\Accia\XAI\ACCIA_back 1\ACCIA_back\target\classes\com\modis\acciaback\AcciaBackApplication.class]
16:33:50.319 [main] INFO org.springframework.boot.test.context.SpringBootTestContextBootstrapper - Found @SpringBootConfiguration com.modis.acciaback.AcciaBackApplication for test class com.modis.acciaback.AcciaBackApplicationTests
16:33:50.410 [main] DEBUG org.springframework.boot.test.context.SpringBootTestContextBootstrapper - @TestExecutionListeners is not present for class [com.modis.acciaback.AcciaBackApplicationTests]: using defaults.
16:33:50.411 [main] INFO org.springframework.boot.test.context.SpringBootTestContextBootstrapper - Loaded default TestExecutionListener class names from location [META-INF/spring.factories]: [org.springframework.boot.test.mock.mockito.MockitoTestExecutionListener, org.springframework.boot.test.mock.mockito.ResetMocksTestExecutionListener, org.springframework.boot.test.autoconfigure.restdocs.RestDocsTestExecutionListener, org.springframework.boot.test.autoconfigure.web.client.MockRestServiceServerResetTestExecutionListener, org.springframework.boot.test.autoconfigure.web.servlet.MockMvcPrintOnlyOnFailureTestExecutionListener, org.springframework.boot.test.autoconfigure.web.servlet.WebDriverTestExecutionListener, org.springframework.boot.test.autoconfigure.webservices.client.MockWebServiceServerTestExecutionListener, org.springframework.test.context.web.ServletTestExecutionListener, org.springframework.test.context.support.DirtiesContextBeforeModesTestExecutionListener, org.springframework.test.context.event.ApplicationEventsTestExecutionListener, org.springframework.test.context.support.DependencyInjectionTestExecutionListener, org.springframework.test.context.support.DirtiesContextTestExecutionListener, org.springframework.test.context.transaction.TransactionalTestExecutionListener, org.springframework.test.context.jdbc.SqlScriptsTestExecutionListener, org.springframework.test.context.event.EventPublishingTestExecutionListener, org.springframework.security.test.context.support.WithSecurityContextTestExecutionListener, org.springframework.security.test.context.support.ReactorContextTestExecutionListener]
16:33:50.427 [main] INFO org.springframework.boot.test.context.SpringBootTestContextBootstrapper - Using TestExecutionListeners: [org.springframework.test.context.web.ServletTestExecutionListener@4d18aa28, org.springframework.test.context.support.DirtiesContextBeforeModesTestExecutionListener@75390459, org.springframework.test.context.event.ApplicationEventsTestExecutionListener@7756c3cd, org.springframework.boot.test.mock.mockito.MockitoTestExecutionListener@2313052e, org.springframework.boot.test.autoconfigure.SpringBootDependencyInjectionTestExecutionListener@2bd2b28e, org.springframework.test.context.support.DirtiesContextTestExecutionListener@16746061, org.springframework.test.context.transaction.TransactionalTestExecutionListener@57fd91c9, org.springframework.test.context.jdbc.SqlScriptsTestExecutionListener@6cfcd46d, org.springframework.test.context.event.EventPublishingTestExecutionListener@52045dbe, org.springframework.security.test.context.support.WithSecurityContextTestExecutionListener@674658f7, org.springframework.security.test.context.support.ReactorContextTestExecutionListener@5c8eee0f, org.springframework.boot.test.mock.mockito.ResetMocksTestExecutionListener@565b064f, org.springframework.boot.test.autoconfigure.restdocs.RestDocsTestExecutionListener@26425897, org.springframework.boot.test.autoconfigure.web.client.MockRestServiceServerResetTestExecutionListener@73163d48, org.springframework.boot.test.autoconfigure.web.servlet.MockMvcPrintOnlyOnFailureTestExecutionListener@58c34bb3, org.springframework.boot.test.autoconfigure.web.servlet.WebDriverTestExecutionListener@56a4479a, org.springframework.boot.test.autoconfigure.webservices.client.MockWebServiceServerTestExecutionListener@62163b39]
16:33:50.431 [main] DEBUG org.springframework.test.context.support.AbstractDirtiesContextTestExecutionListener - Before test class: context [DefaultTestContext@201b6b6f testClass = AcciaBackApplicationTests, testInstance = [null], testMethod = [null], testException = [null], mergedContextConfiguration = [WebMergedContextConfiguration@75459c75 testClass = AcciaBackApplicationTests, locations = '{}', classes = '{class com.modis.acciaback.AcciaBackApplication}', contextInitializerClasses = '[]', activeProfiles = '{}', propertySourceLocations = '{}', propertySourceProperties = '{org.springframework.boot.test.context.SpringBootTestContextBootstrapper=true}', contextCustomizers = set[org.springframework.boot.test.context.filter.ExcludeFilterContextCustomizer@14008db3, org.springframework.boot.test.json.DuplicateJsonObjectContextCustomizerFactory$DuplicateJsonObjectContextCustomizer@45ac5f9b, org.springframework.boot.test.mock.mockito.MockitoContextCustomizer@0, org.springframework.boot.test.web.client.TestRestTemplateContextCustomizer@2a225dd7, org.springframework.boot.test.autoconfigure.actuate.metrics.MetricsExportContextCustomizerFactory$DisableMetricExportContextCustomizer@5c669da8, org.springframework.boot.test.autoconfigure.properties.PropertyMappingContextCustomizer@0, org.springframework.boot.test.autoconfigure.web.servlet.WebDriverContextCustomizerFactory$Customizer@45a4b042, org.springframework.boot.test.context.SpringBootTestArgs@1, org.springframework.boot.test.context.SpringBootTestWebEnvironment@14dd9eb7], resourceBasePath = 'src/main/webapp', contextLoader = 'org.springframework.boot.test.context.SpringBootContextLoader', parent = [null]], attributes = map['org.springframework.test.context.web.ServletTestExecutionListener.activateListener' -> true]], class annotated with @DirtiesContext [false] with mode [null].

  .   ____          _            __ _ _
 /\\ / ___'_ __ _ _(_)_ __  __ _ \ \ \ \
( ( )\___ | '_ | '_| | '_ \/ _` | \ \ \ \
 \\/  ___)| |_)| | | | | || (_| |  ) ) ) )
  '  |____| .__|_| |_|_| |_\__, | / / / /
 =========|_|==============|___/=/_/_/_/
 :: Spring Boot ::                (v2.7.0)

2023-09-22 16:33:50.783  INFO 6640 --- [           main] c.m.acciaback.AcciaBackApplicationTests  : Starting AcciaBackApplicationTests using Java 11.0.18 on L2622029 with PID 6640 (started by fabien.detrez in c:\Users\fabien.detrez\Accia\XAI\ACCIA_back 1\ACCIA_back)
2023-09-22 16:33:50.785  INFO 6640 --- [           main] c.m.acciaback.AcciaBackApplicationTests  : No active profile set, falling back to 1 default profile: "default"
2023-09-22 16:33:51.549  INFO 6640 --- [           main] .s.d.r.c.RepositoryConfigurationDelegate : Bootstrapping Spring Data JPA repositories in DEFAULT mode.
2023-09-22 16:33:51.671  INFO 6640 --- [           main] .s.d.r.c.RepositoryConfigurationDelegate : Finished Spring Data repository scanning in 112 ms. Found 10 JPA repository interfaces.
2023-09-22 16:33:52.413  INFO 6640 --- [           main] o.hibernate.jpa.internal.util.LogHelper  : HHH000204: Processing PersistenceUnitInfo [name: default]
2023-09-22 16:33:52.472  INFO 6640 --- [           main] org.hibernate.Version                    : HHH000412: Hibernate ORM core version 5.6.9.Final
2023-09-22 16:33:52.617  INFO 6640 --- [           main] o.hibernate.annotations.common.Version   : HCANN000001: Hibernate Commons Annotations {5.1.2.Final}
2023-09-22 16:33:52.955  INFO 6640 --- [           main] com.zaxxer.hikari.HikariDataSource       : HikariPool-1 - Starting...
2023-09-22 16:33:53.028  INFO 6640 --- [           main] com.zaxxer.hikari.HikariDataSource       : HikariPool-1 - Start completed.
2023-09-22 16:33:53.056  INFO 6640 --- [           main] org.hibernate.dialect.Dialect            : HHH000400: Using dialect: org.hibernate.dialect.MariaDB53Dialect
2023-09-22 16:33:53.901  INFO 6640 --- [           main] o.h.e.t.j.p.i.JtaPlatformInitiator       : HHH000490: Using JtaPlatform implementation: [org.hibernate.engine.transaction.jta.platform.internal.NoJtaPlatform]
2023-09-22 16:33:53.910  INFO 6640 --- [           main] j.LocalContainerEntityManagerFactoryBean : Initialized JPA EntityManagerFactory for persistence unit 'default'
2023-09-22 16:33:54.396  WARN 6640 --- [           main] JpaBaseConfiguration$JpaWebConfiguration : spring.jpa.open-in-view is enabled by default. Therefore, database queries may be performed during view rendering. Explicitly configure spring.jpa.open-in-view to disable this warning
2023-09-22 16:33:54.975  INFO 6640 --- [           main] c.m.a.s.serviceImpl.DocServiceImpl       : -------------------- Je suis DocServiceImpl -------
2023-09-22 16:33:55.259  INFO 6640 --- [           main] o.s.s.web.DefaultSecurityFilterChain     : Will secure any request with [org.springframework.security.web.session.DisableEncodeUrlFilter@3f7f9d3f, org.springframework.security.web.context.request.async.WebAsyncManagerIntegrationFilter@62966c9f, org.springframework.security.web.context.SecurityContextPersistenceFilter@74ed1d35, org.springframework.security.web.header.HeaderWriterFilter@2dc72c0c, org.springframework.web.filter.CorsFilter@4193da4d, org.springframework.security.web.authentication.logout.LogoutFilter@46e38c28, com.modis.acciaback.security.AuthTokenFilter@3203a4ae, org.springframework.security.web.savedrequest.RequestCacheAwareFilter@54fbaa65, org.springframework.security.web.servletapi.SecurityContextHolderAwareRequestFilter@49bf5ec8, org.springframework.security.web.authentication.AnonymousAuthenticationFilter@6915351c, org.springframework.security.web.session.SessionManagementFilter@30f54522, org.springframework.security.web.access.ExceptionTranslationFilter@1a5c0b8, org.springframework.security.web.access.intercept.FilterSecurityInterceptor@7baf7e2c]
2023-09-22 16:33:56.427  INFO 6640 --- [           main] c.m.acciaback.AcciaBackApplicationTests  : Started AcciaBackApplicationTests in 5.956 seconds (JVM running for 6.903)
2023-09-22 16:33:56.550  INFO 6640 --- [           main] com.modis.acciaback.service.ChatService  : -------------------- je suis intentionModel Service -------
]]></system-out>
    <system-err><![CDATA[SLF4J: Class path contains multiple SLF4J bindings.
SLF4J: Found binding in [jar:file:/C:/Users/fabien.detrez/.m2/repository/ch/qos/logback/logback-classic/1.2.11/logback-classic-1.2.11.jar!/org/slf4j/impl/StaticLoggerBinder.class]
SLF4J: Found binding in [jar:file:/C:/Users/fabien.detrez/.m2/repository/org/apache/logging/log4j/log4j-slf4j-impl/2.17.2/log4j-slf4j-impl-2.17.2.jar!/org/slf4j/impl/StaticLoggerBinder.class]
SLF4J: See http://www.slf4j.org/codes.html#multiple_bindings for an explanation.
SLF4J: Actual binding is of type [ch.qos.logback.classic.util.ContextSelectorStaticBinder]
]]></system-err>
  </testcase>
  <testcase name="testSearchDoc" classname="com.modis.acciaback.AcciaBackApplicationTests" time="0.107"/>
  <testcase name="testDefinition" classname="com.modis.acciaback.AcciaBackApplicationTests" time="0.043">
    <error message="I/O error on GET request for &quot;http://127.0.0.1:5000/Definition/AAC&quot;: Connection refused: connect; nested exception is java.net.ConnectException: Connection refused: connect" type="org.springframework.web.client.ResourceAccessException">org.springframework.web.client.ResourceAccessException: I/O error on GET request for "http://127.0.0.1:5000/Definition/AAC": Connection refused: connect; nested exception is java.net.ConnectException: Connection refused: connect
	at com.modis.acciaback.AcciaBackApplicationTests.testDefinition(AcciaBackApplicationTests.java:154)
Caused by: java.net.ConnectException: Connection refused: connect
	at com.modis.acciaback.AcciaBackApplicationTests.testDefinition(AcciaBackApplicationTests.java:154)
</error>
    <system-out><![CDATA[----- url envoyé à l'API : --------------------http://127.0.0.1:5000/Definition/{sigle}
]]></system-out>
  </testcase>
  <testcase name="testComponentDetails" classname="com.modis.acciaback.AcciaBackApplicationTests" time="0.012"/>
  <testcase name="testLaststateAnalysis" classname="com.modis.acciaback.AcciaBackApplicationTests" time="0.007">
    <error message="I/O error on GET request for &quot;http://127.0.0.1:8000/Components/lastState/FD001&quot;: Connection refused: connect; nested exception is java.net.ConnectException: Connection refused: connect" type="org.springframework.web.client.ResourceAccessException">org.springframework.web.client.ResourceAccessException: I/O error on GET request for "http://127.0.0.1:8000/Components/lastState/FD001": Connection refused: connect; nested exception is java.net.ConnectException: Connection refused: connect
	at com.modis.acciaback.AcciaBackApplicationTests.testLaststateAnalysis(AcciaBackApplicationTests.java:217)
Caused by: java.net.ConnectException: Connection refused: connect
	at com.modis.acciaback.AcciaBackApplicationTests.testLaststateAnalysis(AcciaBackApplicationTests.java:217)
</error>
    <system-out><![CDATA[2023-09-22 16:33:56.773  INFO 6640 --- [           main] com.modis.acciaback.service.ChatService  : -------------------- je suis laststateAnalysis Service -------
----- url envoyé à l'API : --------------------http://127.0.0.1:8000/Components/lastState/FD001
]]></system-out>
  </testcase>
  <testcase name="testSearchChart" classname="com.modis.acciaback.AcciaBackApplicationTests" time="0.008"/>
  <testcase name="testCriticityAnalysis" classname="com.modis.acciaback.AcciaBackApplicationTests" time="0.007">
    <error message="I/O error on POST request for &quot;http://127.0.0.1:5000/LanguageAnalysis/criticity&quot;: Connection refused: connect; nested exception is java.net.ConnectException: Connection refused: connect" type="org.springframework.web.client.ResourceAccessException">org.springframework.web.client.ResourceAccessException: I/O error on POST request for "http://127.0.0.1:5000/LanguageAnalysis/criticity": Connection refused: connect; nested exception is java.net.ConnectException: Connection refused: connect
	at com.modis.acciaback.AcciaBackApplicationTests.testCriticityAnalysis(AcciaBackApplicationTests.java:258)
Caused by: java.net.ConnectException: Connection refused: connect
	at com.modis.acciaback.AcciaBackApplicationTests.testCriticityAnalysis(AcciaBackApplicationTests.java:258)
</error>
    <system-out><![CDATA[2023-09-22 16:33:56.790  INFO 6640 --- [           main] com.modis.acciaback.service.ChatService  : -------------------- je suis criticityAnalysis Service -------
----- url envoyé à l'API : --------------------http://127.0.0.1:5000/LanguageAnalysis/criticity
]]></system-out>
  </testcase>
  <testcase name="testIntentionAnalysis" classname="com.modis.acciaback.AcciaBackApplicationTests" time="0.009">
    <error message="I/O error on POST request for &quot;http://127.0.0.1:5000/LanguageAnalysis/intention&quot;: Connection refused: connect; nested exception is java.net.ConnectException: Connection refused: connect" type="org.springframework.web.client.ResourceAccessException">org.springframework.web.client.ResourceAccessException: I/O error on POST request for "http://127.0.0.1:5000/LanguageAnalysis/intention": Connection refused: connect; nested exception is java.net.ConnectException: Connection refused: connect
	at com.modis.acciaback.AcciaBackApplicationTests.testIntentionAnalysis(AcciaBackApplicationTests.java:93)
Caused by: java.net.ConnectException: Connection refused: connect
	at com.modis.acciaback.AcciaBackApplicationTests.testIntentionAnalysis(AcciaBackApplicationTests.java:93)
</error>
    <system-out><![CDATA[2023-09-22 16:33:56.797  INFO 6640 --- [           main] com.modis.acciaback.service.ChatService  : -------------------- je suis intentionAnalysis Service -------
----- url envoyé à l'API : --------------------http://127.0.0.1:5000/LanguageAnalysis/intention
]]></system-out>
  </testcase>
  <testcase name="testCheckingDefinition" classname="com.modis.acciaback.AcciaBackApplicationTests" time="0.009">
    <error message="I/O error on POST request for &quot;http://127.0.0.1:5000/Checking/DefinitionEntities&quot;: Connection refused: connect; nested exception is java.net.ConnectException: Connection refused: connect" type="org.springframework.web.client.ResourceAccessException">org.springframework.web.client.ResourceAccessException: I/O error on POST request for "http://127.0.0.1:5000/Checking/DefinitionEntities": Connection refused: connect; nested exception is java.net.ConnectException: Connection refused: connect
	at com.modis.acciaback.AcciaBackApplicationTests.testCheckingDefinition(AcciaBackApplicationTests.java:206)
Caused by: java.net.ConnectException: Connection refused: connect
	at com.modis.acciaback.AcciaBackApplicationTests.testCheckingDefinition(AcciaBackApplicationTests.java:206)
</error>
    <system-out><![CDATA[----- url envoyé à l'API : --------------------http://127.0.0.1:5000/Checking/DefinitionEntities
]]></system-out>
  </testcase>
  <testcase name="testCriticityModel" classname="com.modis.acciaback.AcciaBackApplicationTests" time="0.009">
    <error message="I/O error on POST request for &quot;http://127.0.0.1:5000/ModelAnalysis/criticity&quot;: Connection refused: connect; nested exception is java.net.ConnectException: Connection refused: connect" type="org.springframework.web.client.ResourceAccessException">org.springframework.web.client.ResourceAccessException: I/O error on POST request for "http://127.0.0.1:5000/ModelAnalysis/criticity": Connection refused: connect; nested exception is java.net.ConnectException: Connection refused: connect
	at com.modis.acciaback.AcciaBackApplicationTests.testCriticityModel(AcciaBackApplicationTests.java:101)
Caused by: java.net.ConnectException: Connection refused: connect
	at com.modis.acciaback.AcciaBackApplicationTests.testCriticityModel(AcciaBackApplicationTests.java:101)
</error>
    <system-out><![CDATA[2023-09-22 16:33:56.817  INFO 6640 --- [           main] com.modis.acciaback.service.ChatService  : -------------------- je suis criticityModel Service -------
---------------- Url envoyé à l'API : ------http://127.0.0.1:5000/ModelAnalysis/criticity
]]></system-out>
  </testcase>
  <testcase name="testEntitiesAnalysis" classname="com.modis.acciaback.AcciaBackApplicationTests" time="0.007">
    <error message="I/O error on POST request for &quot;http://127.0.0.1:5000/LanguageAnalysis/entities&quot;: Connection refused: connect; nested exception is java.net.ConnectException: Connection refused: connect" type="org.springframework.web.client.ResourceAccessException">org.springframework.web.client.ResourceAccessException: I/O error on POST request for "http://127.0.0.1:5000/LanguageAnalysis/entities": Connection refused: connect; nested exception is java.net.ConnectException: Connection refused: connect
	at com.modis.acciaback.AcciaBackApplicationTests.testEntitiesAnalysis(AcciaBackApplicationTests.java:250)
Caused by: java.net.ConnectException: Connection refused: connect
	at com.modis.acciaback.AcciaBackApplicationTests.testEntitiesAnalysis(AcciaBackApplicationTests.java:250)
</error>
    <system-out><![CDATA[2023-09-22 16:33:56.826  INFO 6640 --- [           main] com.modis.acciaback.service.ChatService  : -------------------- je suis entitiesAnalysis Service -------
----- url envoyé à l'API : --------------------http://127.0.0.1:5000/LanguageAnalysis/entities
]]></system-out>
  </testcase>
  <testcase name="testSearchDefinition" classname="com.modis.acciaback.AcciaBackApplicationTests" time="0.01">
    <error message="I/O error on GET request for &quot;http://127.0.0.1:5000/Definition/AAC/informatique&quot;: Connection refused: connect; nested exception is java.net.ConnectException: Connection refused: connect" type="org.springframework.web.client.ResourceAccessException">org.springframework.web.client.ResourceAccessException: I/O error on GET request for "http://127.0.0.1:5000/Definition/AAC/informatique": Connection refused: connect; nested exception is java.net.ConnectException: Connection refused: connect
	at com.modis.acciaback.AcciaBackApplicationTests.testSearchDefinition(AcciaBackApplicationTests.java:140)
Caused by: java.net.ConnectException: Connection refused: connect
	at com.modis.acciaback.AcciaBackApplicationTests.testSearchDefinition(AcciaBackApplicationTests.java:140)
</error>
    <system-out><![CDATA[----- url envoyé à l'API : --------------------http://127.0.0.1:5000/Definition/{sigle}/{domaine}
----- searchurl envoyé à l'API : --------------------http://127.0.0.1:5000/Definition/AAC/informatique
]]></system-out>
  </testcase>
  <testcase name="testRulAnalysis" classname="com.modis.acciaback.AcciaBackApplicationTests" time="0.01">
    <error message="I/O error on GET request for &quot;http://127.0.0.1:8000/RUL/FD001&quot;: Connection refused: connect; nested exception is java.net.ConnectException: Connection refused: connect" type="org.springframework.web.client.ResourceAccessException">org.springframework.web.client.ResourceAccessException: I/O error on GET request for "http://127.0.0.1:8000/RUL/FD001": Connection refused: connect; nested exception is java.net.ConnectException: Connection refused: connect
	at com.modis.acciaback.AcciaBackApplicationTests.testRulAnalysis(AcciaBackApplicationTests.java:242)
Caused by: java.net.ConnectException: Connection refused: connect
	at com.modis.acciaback.AcciaBackApplicationTests.testRulAnalysis(AcciaBackApplicationTests.java:242)
</error>
    <system-out><![CDATA[2023-09-22 16:33:56.844  INFO 6640 --- [           main] com.modis.acciaback.service.ChatService  : -------------------- je suis rulAnalysis Service -------
----- url envoyé à l'API : --------------------http://127.0.0.1:8000/RUL/FD001
]]></system-out>
  </testcase>
  <testcase name="testCheckingDoc" classname="com.modis.acciaback.AcciaBackApplicationTests" time="0.008">
    <error message="I/O error on POST request for &quot;http://127.0.0.1:5000/Checking/DocumentEntities&quot;: Connection refused: connect; nested exception is java.net.ConnectException: Connection refused: connect" type="org.springframework.web.client.ResourceAccessException">org.springframework.web.client.ResourceAccessException: I/O error on POST request for "http://127.0.0.1:5000/Checking/DocumentEntities": Connection refused: connect; nested exception is java.net.ConnectException: Connection refused: connect
	at com.modis.acciaback.AcciaBackApplicationTests.testCheckingDoc(AcciaBackApplicationTests.java:195)
Caused by: java.net.ConnectException: Connection refused: connect
	at com.modis.acciaback.AcciaBackApplicationTests.testCheckingDoc(AcciaBackApplicationTests.java:195)
</error>
    <system-out><![CDATA[----- url envoyé à l'API : --------------------http://127.0.0.1:5000/Checking/DocumentEntities
]]></system-out>
  </testcase>
  <testcase name="contextLoads" classname="com.modis.acciaback.AcciaBackApplicationTests" time="0.004"/>
  <testcase name="testComponentsWithDateAnalysis" classname="com.modis.acciaback.AcciaBackApplicationTests" time="0.007">
    <error message="I/O error on GET request for &quot;http://127.0.0.1:8000/Components/FD001/16-02-2023&quot;: Connection refused: connect; nested exception is java.net.ConnectException: Connection refused: connect" type="org.springframework.web.client.ResourceAccessException">org.springframework.web.client.ResourceAccessException: I/O error on GET request for "http://127.0.0.1:8000/Components/FD001/16-02-2023": Connection refused: connect; nested exception is java.net.ConnectException: Connection refused: connect
	at com.modis.acciaback.AcciaBackApplicationTests.testComponentsWithDateAnalysis(AcciaBackApplicationTests.java:234)
Caused by: java.net.ConnectException: Connection refused: connect
	at com.modis.acciaback.AcciaBackApplicationTests.testComponentsWithDateAnalysis(AcciaBackApplicationTests.java:234)
</error>
    <system-out><![CDATA[2023-09-22 16:33:56.869  INFO 6640 --- [           main] com.modis.acciaback.service.ChatService  : -------------------- je suis componentsWithDateAnalysis Service -------
----- url envoyé à l'API : --------------------http://127.0.0.1:8000/Components/FD001/16-02-2023
]]></system-out>
  </testcase>
  <testcase name="testInputAnalysis" classname="com.modis.acciaback.AcciaBackApplicationTests" time="0.012">
    <error message="I/O error on POST request for &quot;http://127.0.0.1:5000/LanguageAnalysis/inputDetails&quot;: Connection refused: connect; nested exception is java.net.ConnectException: Connection refused: connect" type="org.springframework.web.client.ResourceAccessException">org.springframework.web.client.ResourceAccessException: I/O error on POST request for "http://127.0.0.1:5000/LanguageAnalysis/inputDetails": Connection refused: connect; nested exception is java.net.ConnectException: Connection refused: connect
	at com.modis.acciaback.AcciaBackApplicationTests.testInputAnalysis(AcciaBackApplicationTests.java:69)
Caused by: java.net.ConnectException: Connection refused: connect
	at com.modis.acciaback.AcciaBackApplicationTests.testInputAnalysis(AcciaBackApplicationTests.java:69)
</error>
    <system-out><![CDATA[2023-09-22 16:33:56.878  INFO 6640 --- [           main] com.modis.acciaback.service.ChatService  : -------------------- Je suis sendMessage Service -------
2023-09-22 16:33:56.878  INFO 6640 --- [           main] com.modis.acciaback.service.ChatService  : ---------- url envoyé à l'API -------: http://127.0.0.1:5000/LanguageAnalysis/inputDetails
]]></system-out>
  </testcase>
  <testcase name="testComponentsAnalysis" classname="com.modis.acciaback.AcciaBackApplicationTests" time="0.006">
    <error message="I/O error on GET request for &quot;http://127.0.0.1:8000/Components/FD001&quot;: Connection refused: connect; nested exception is java.net.ConnectException: Connection refused: connect" type="org.springframework.web.client.ResourceAccessException">org.springframework.web.client.ResourceAccessException: I/O error on GET request for "http://127.0.0.1:8000/Components/FD001": Connection refused: connect; nested exception is java.net.ConnectException: Connection refused: connect
	at com.modis.acciaback.AcciaBackApplicationTests.testComponentsAnalysis(AcciaBackApplicationTests.java:225)
Caused by: java.net.ConnectException: Connection refused: connect
	at com.modis.acciaback.AcciaBackApplicationTests.testComponentsAnalysis(AcciaBackApplicationTests.java:225)
</error>
    <system-out><![CDATA[2023-09-22 16:33:56.889  INFO 6640 --- [           main] com.modis.acciaback.service.ChatService  : -------------------- je suis componentsAnalysis Service -------
----- url envoyé à l'API : --------------------http://127.0.0.1:8000/Components/FD001
]]></system-out>
  </testcase>
</testsuite>